<?xml version="1.0" encoding="UTF-8"?>
<!-- Generated by org.testng.reporters.JUnitXMLReporter -->
<testsuite ignored="0" hostname="LAPTOP-881L0U0U" failures="1" tests="1" name="Test" time="6.915" errors="0" timestamp="2025-09-07T21:23:09 IST">
  <testcase classname="testCases.TC03_LoginDDT" name="verify_loginDDT" time="1.962">
    <failure type="org.testng.internal.reflect.MethodMatcherException" message="
[public void testCases.TC03_LoginDDT.verify_loginDDT(java.lang.String,java.lang.String,java.lang.String)] has no parameters defined but was found to be using a data provider (either explicitly specified or inherited from class level annotation).
Data provider mismatch
Method: verify_loginDDT([java.lang.String arg0, java.lang.String arg1, java.lang.String arg2])
Arguments: [(java.lang.String) zenon19@gmail.com,(java.lang.String) zenon19,(java.lang.String) Valid,(java.lang.String) ,(java.lang.String) Data is valid]">
      <![CDATA[org.testng.internal.reflect.MethodMatcherException: 
[public void testCases.TC03_LoginDDT.verify_loginDDT(java.lang.String,java.lang.String,java.lang.String)] has no parameters defined but was found to be using a data provider (either explicitly specified or inherited from class level annotation).
Data provider mismatch
Method: verify_loginDDT([java.lang.String arg0, java.lang.String arg1, java.lang.String arg2])
Arguments: [(java.lang.String) zenon19@gmail.com,(java.lang.String) zenon19,(java.lang.String) Valid,(java.lang.String) ,(java.lang.String) Data is valid]
at java.base/java.util.ArrayList.forEach(ArrayList.java:1596)
... Removed 22 stack frames]]>
    </failure>
  </testcase> <!-- verify_loginDDT -->
</testsuite> <!-- Test -->
